validation>>>>TEST_SERVER>>SUCCESS>>1678115872697
BIP9332I<<Application 'validation' has been created successfully. <<1678115872697
BIP9326I<<The source 'validationproject.generated.bar' has been successfully deployed. <<1678115872697
validation_test>>>>TEST_SERVER>>SUCCESS>>1678117616344
BIP9332I<<Application 'validation_test' has been created successfully. <<1678117616344
BIP9326I<<The source 'validation_testproject.generated.bar' has been successfully deployed. <<1678117616344
validation_test>>>>t1_server>>SUCCESS>>1678130196147
BIP9332I<<Application 'validation_test' has been created successfully. <<1678130196147
BIP9326I<<The source 'validation_testproject.TestMode.bar' has been successfully deployed. <<1678130196147
validation_test>>>>t1_server>>SUCCESS>>1678130839683
BIP9332I<<Application 'validation_test' has been changed successfully. <<1678130839683
BIP9326I<<The source 'validation_testproject.TestMode.bar' has been successfully deployed. <<1678130839683
validation_test>>>>t1_server>>SUCCESS>>1678131119317
BIP9332I<<Application 'validation_test' has been changed successfully. <<1678131119317
BIP9326I<<The source 'validation_testproject.TestMode.bar' has been successfully deployed. <<1678131119317
validation_test>>>>t1_server>>SUCCESS>>1678131389775
BIP9332I<<Application 'validation_test' has been changed successfully. <<1678131389775
BIP9326I<<The source 'validation_testproject.TestMode.bar' has been successfully deployed. <<1678131389775
validation_test>>>>t1_server>>SUCCESS>>1678131492947
BIP9332I<<Application 'validation_test' has been changed successfully. <<1678131492947
BIP9326I<<The source 'validation_testproject.TestMode.bar' has been successfully deployed. <<1678131492947
validation_test>>>>t1_server>>SUCCESS>>1678131795965
BIP9332I<<Application 'validation_test' has been changed successfully. <<1678131795965
BIP9326I<<The source 'validation_testproject.TestMode.bar' has been successfully deployed. <<1678131795965
validation_test>>>>t1_server>>SUCCESS>>1678132238766
BIP9332I<<Application 'validation_test' has been changed successfully. <<1678132238766
BIP9326I<<The source 'validation_testproject.TestMode.bar' has been successfully deployed. <<1678132238766
validation_test>>>>t1_server>>SUCCESS>>1678132471919
BIP9332I<<Application 'validation_test' has been changed successfully. <<1678132471919
BIP9326I<<The source 'validation_testproject.TestMode.bar' has been successfully deployed. <<1678132471919
validation_test>>>>t1_server>>SUCCESS>>1678132578051
BIP9332I<<Application 'validation_test' has been changed successfully. <<1678132578051
BIP9326I<<The source 'validation_testproject.TestMode.bar' has been successfully deployed. <<1678132578051
validation_test>>>>t1_server>>SUCCESS>>1678132706017
BIP9332I<<Application 'validation_test' has been changed successfully. <<1678132706017
BIP9326I<<The source 'validation_testproject.TestMode.bar' has been successfully deployed. <<1678132706017
validation_test>>>>t1_server>>SUCCESS>>1678132945039
BIP9332I<<Application 'validation_test' has been changed successfully. <<1678132945039
BIP9326I<<The source 'validation_testproject.TestMode.bar' has been successfully deployed. <<1678132945039
validation_test>>>>t1_server>>SUCCESS>>1678133305515
BIP9332I<<Application 'validation_test' has been changed successfully. <<1678133305515
BIP9326I<<The source 'validation_testproject.TestMode.bar' has been successfully deployed. <<1678133305515
validation_test>>>>t1_server>>SUCCESS>>1678133720051
BIP9332I<<Application 'validation_test' has been changed successfully. <<1678133720051
BIP9326I<<The source 'validation_testproject.TestMode.bar' has been successfully deployed. <<1678133720051
validation_test>>>>t1_server>>SUCCESS>>1678134091026
BIP9332I<<Application 'validation_test' has been changed successfully. <<1678134091026
BIP9326I<<The source 'validation_testproject.TestMode.bar' has been successfully deployed. <<1678134091026
validation_test>>>>t1_server>>SUCCESS>>1678134357653
BIP9332I<<Application 'validation_test' has been changed successfully. <<1678134357653
BIP9326I<<The source 'validation_testproject.TestMode.bar' has been successfully deployed. <<1678134357653
